
> Task :metaheuristic:compileJava
> Task :metaheuristic:processResources NO-SOURCE
> Task :metaheuristic:classes
> Task :metaheuristic:jar
> Task :tabu:compileJava UP-TO-DATE
> Task :tabu:processResources NO-SOURCE
> Task :tabu:classes UP-TO-DATE

> Task :tabu:run
Problem:         N100_E10_W37507 - cost:     50 - runningTime: 0.105 [s]
Problem:         N100_E10_W52564 - cost:     69 - runningTime: 0.043 [s]
Problem:         N100_E13_W22388 - cost:     30 - runningTime: 0.024 [s]
Problem:         N100_E17_W37381 - cost:     50 - runningTime: 0.033 [s]
Problem:         N100_E17_W52142 - cost:     69 - runningTime: 0.035 [s]
Problem:         N100_E19_W22217 - cost:     29 - runningTime: 0.027 [s]
Problem:         N100_E24_W52076 - cost:     70 - runningTime: 0.030 [s]
Problem:         N100_E25_W37882 - cost:     50 - runningTime: 0.027 [s]
Problem:         N100_E25_W53106 - cost:     71 - runningTime: 0.027 [s]
Problem:         N100_E29_W22601 - cost:     30 - runningTime: 0.014 [s]
Problem:         N100_E33_W37858 - cost:     50 - runningTime: 0.023 [s]
Problem:         N100_E34_W22399 - cost:     32 - runningTime: 0.015 [s]
Problem:         N100_E40_W22210 - cost:     30 - runningTime: 0.014 [s]
Problem:         N100_E43_W37647 - cost:     49 - runningTime: 0.024 [s]
Problem:         N100_E45_W22215 - cost:     31 - runningTime: 0.015 [s]
Problem:         N100_E46_W52707 - cost:     70 - runningTime: 0.029 [s]
Problem:         N100_E47_W22524 - cost:     31 - runningTime: 0.012 [s]
Problem:         N100_E49_W53079 - cost:     71 - runningTime: 0.025 [s]
Problem:         N100_E50_W52513 - cost:     70 - runningTime: 0.026 [s]
Problem:         N100_E51_W38089 - cost:     50 - runningTime: 0.020 [s]
Problem:         N100_E57_W37379 - cost:     51 - runningTime: 0.022 [s]
Problem:          N100_E5_W22866 - cost:     30 - runningTime: 0.011 [s]
Problem:          N100_E5_W37781 - cost:     50 - runningTime: 0.019 [s]
Problem:          N100_E5_W52908 - cost:     69 - runningTime: 0.022 [s]
Problem:          N100_E6_W37053 - cost:     50 - runningTime: 0.016 [s]
Problem:          N100_E7_W22507 - cost:     29 - runningTime: 0.012 [s]
Problem:          N100_E7_W52552 - cost:     70 - runningTime: 0.021 [s]
Problem:       N300_E209_W158073 - cost:    215 - runningTime: 0.366 [s]
Problem:        N300_E218_W67693 - cost:     92 - runningTime: 0.170 [s]
Problem:       N300_E221_W156819 - cost:    210 - runningTime: 0.367 [s]
Problem:       N300_E227_W111874 - cost:    152 - runningTime: 0.258 [s]
Problem:       N300_E231_W158231 - cost:    212 - runningTime: 0.298 [s]
Problem:        N300_E232_W67504 - cost:     91 - runningTime: 0.128 [s]
Problem:        N300_E233_W67995 - cost:     94 - runningTime: 0.182 [s]
Problem:       N300_E237_W113226 - cost:    152 - runningTime: 0.244 [s]
Problem:       N300_E253_W112148 - cost:    154 - runningTime: 0.222 [s]
Problem:         N300_E35_W66932 - cost:     91 - runningTime: 0.115 [s]
Problem:        N300_E37_W111737 - cost:    149 - runningTime: 0.201 [s]
Problem:       N300_E393_W112377 - cost:    153 - runningTime: 0.289 [s]
Problem:        N300_E41_W158233 - cost:    210 - runningTime: 0.255 [s]
Problem:        N300_E426_W67713 - cost:     91 - runningTime: 0.142 [s]
Problem:        N300_E42_W112553 - cost:    152 - runningTime: 0.163 [s]
Problem:       N300_E439_W114108 - cost:    153 - runningTime: 0.256 [s]
Problem:       N300_E439_W155941 - cost:    212 - runningTime: 0.284 [s]
Problem:        N300_E43_W157321 - cost:    211 - runningTime: 0.200 [s]
Problem:        N300_E443_W67549 - cost:     93 - runningTime: 0.164 [s]
Problem:       N300_E445_W157262 - cost:    211 - runningTime: 0.290 [s]
Problem:       N300_E447_W157644 - cost:    214 - runningTime: 0.286 [s]
Problem:        N300_E44_W113112 - cost:    151 - runningTime: 0.176 [s]
Problem:       N300_E451_W112128 - cost:    152 - runningTime: 0.237 [s]
Problem:        N300_E466_W67544 - cost:     94 - runningTime: 0.165 [s]
Problem:         N300_E46_W67993 - cost:     91 - runningTime: 0.112 [s]
Problem:         N300_E48_W67303 - cost:     90 - runningTime: 0.155 [s]
Problem:        N300_E63_W156665 - cost:    210 - runningTime: 0.240 [s]
Problem:       N500_E107_W187626 - cost:    251 - runningTime: 0.656 [s]
Problem:      N500_E1154_W188267 - cost:    252 - runningTime: 0.902 [s]
Problem:      N500_E1155_W112554 - cost:    153 - runningTime: 0.607 [s]
Problem:      N500_E1160_W262039 - cost:    353 - runningTime: 1.019 [s]
Problem:      N500_E1169_W263485 - cost:    352 - runningTime: 1.089 [s]
Problem:      N500_E1172_W112045 - cost:    152 - runningTime: 0.565 [s]
Problem:      N500_E1175_W111948 - cost:    156 - runningTime: 0.547 [s]
Problem:      N500_E1176_W187733 - cost:    252 - runningTime: 0.923 [s]
Problem:       N500_E118_W187152 - cost:    252 - runningTime: 0.678 [s]
Problem:      N500_E1192_W187394 - cost:    255 - runningTime: 0.917 [s]
Problem:      N500_E1203_W263300 - cost:    350 - runningTime: 1.031 [s]
Problem:       N500_E120_W187056 - cost:    255 - runningTime: 0.590 [s]
Problem:       N500_E121_W262283 - cost:    352 - runningTime: 0.792 [s]
Problem:       N500_E122_W261374 - cost:    351 - runningTime: 0.873 [s]
Problem:       N500_E123_W112510 - cost:    152 - runningTime: 0.475 [s]
Problem:       N500_E127_W113110 - cost:    156 - runningTime: 0.380 [s]
Problem:       N500_E130_W264094 - cost:    357 - runningTime: 0.748 [s]
Problem:       N500_E133_W113189 - cost:    152 - runningTime: 0.412 [s]
Problem:       N500_E594_W112090 - cost:    153 - runningTime: 0.566 [s]
Problem:       N500_E594_W112478 - cost:    155 - runningTime: 0.577 [s]
Problem:       N500_E614_W258557 - cost:    354 - runningTime: 1.046 [s]
Problem:       N500_E621_W186642 - cost:    254 - runningTime: 1.033 [s]
Problem:       N500_E621_W261167 - cost:    353 - runningTime: 1.190 [s]
Problem:       N500_E623_W111165 - cost:    157 - runningTime: 0.609 [s]
Problem:       N500_E626_W261199 - cost:    353 - runningTime: 0.969 [s]
Problem:       N500_E629_W189219 - cost:    259 - runningTime: 1.322 [s]
Problem:       N500_E650_W187605 - cost:    254 - runningTime: 1.048 [s]

BUILD SUCCESSFUL in 29s
4 actionable tasks: 3 executed, 1 up-to-date
> Task :metaheuristic:compileJava UP-TO-DATE
> Task :metaheuristic:processResources NO-SOURCE
> Task :metaheuristic:classes UP-TO-DATE
> Task :metaheuristic:jar UP-TO-DATE
> Task :grasp:compileJava UP-TO-DATE
> Task :grasp:processResources NO-SOURCE
> Task :grasp:classes UP-TO-DATE

> Task :grasp:run
Problem:         N100_E10_W37507 - cost:     49 - runningTime: 0.103 [s]
Problem:         N100_E10_W52564 - cost:     70 - runningTime: 0.038 [s]
Problem:         N100_E13_W22388 - cost:     31 - runningTime: 0.020 [s]
Problem:         N100_E17_W37381 - cost:     50 - runningTime: 0.033 [s]
Problem:         N100_E17_W52142 - cost:     70 - runningTime: 0.032 [s]
Problem:         N100_E19_W22217 - cost:     29 - runningTime: 0.014 [s]
Problem:         N100_E24_W52076 - cost:     70 - runningTime: 0.025 [s]
Problem:         N100_E25_W37882 - cost:     50 - runningTime: 0.020 [s]
Problem:         N100_E25_W53106 - cost:     71 - runningTime: 0.031 [s]
Problem:         N100_E29_W22601 - cost:     30 - runningTime: 0.013 [s]
Problem:         N100_E33_W37858 - cost:     50 - runningTime: 0.016 [s]
Problem:         N100_E34_W22399 - cost:     32 - runningTime: 0.013 [s]
Problem:         N100_E40_W22210 - cost:     30 - runningTime: 0.011 [s]
Problem:         N100_E43_W37647 - cost:     49 - runningTime: 0.014 [s]
Problem:         N100_E45_W22215 - cost:     31 - runningTime: 0.010 [s]
Problem:         N100_E46_W52707 - cost:     70 - runningTime: 0.021 [s]
Problem:         N100_E47_W22524 - cost:     31 - runningTime: 0.011 [s]
Problem:         N100_E49_W53079 - cost:     72 - runningTime: 0.028 [s]
Problem:         N100_E50_W52513 - cost:     70 - runningTime: 0.021 [s]
Problem:         N100_E51_W38089 - cost:     50 - runningTime: 0.015 [s]
Problem:         N100_E57_W37379 - cost:     51 - runningTime: 0.016 [s]
Problem:          N100_E5_W22866 - cost:     30 - runningTime: 0.010 [s]
Problem:          N100_E5_W37781 - cost:     50 - runningTime: 0.016 [s]
Problem:          N100_E5_W52908 - cost:     69 - runningTime: 0.021 [s]
Problem:          N100_E6_W37053 - cost:     50 - runningTime: 0.017 [s]
Problem:          N100_E7_W22507 - cost:     29 - runningTime: 0.013 [s]
Problem:          N100_E7_W52552 - cost:     71 - runningTime: 0.018 [s]
Problem:       N300_E209_W158073 - cost:    216 - runningTime: 0.463 [s]
Problem:        N300_E218_W67693 - cost:     92 - runningTime: 0.138 [s]
Problem:       N300_E221_W156819 - cost:    211 - runningTime: 0.329 [s]
Problem:       N300_E227_W111874 - cost:    151 - runningTime: 0.250 [s]
Problem:       N300_E231_W158231 - cost:    212 - runningTime: 0.463 [s]
Problem:        N300_E232_W67504 - cost:     91 - runningTime: 0.143 [s]
Problem:        N300_E233_W67995 - cost:     94 - runningTime: 0.184 [s]
Problem:       N300_E237_W113226 - cost:    153 - runningTime: 0.376 [s]
Problem:       N300_E253_W112148 - cost:    155 - runningTime: 0.453 [s]
Problem:         N300_E35_W66932 - cost:     92 - runningTime: 0.137 [s]
Problem:        N300_E37_W111737 - cost:    149 - runningTime: 0.299 [s]
Problem:       N300_E393_W112377 - cost:    153 - runningTime: 0.307 [s]
Problem:        N300_E41_W158233 - cost:    211 - runningTime: 0.299 [s]
Problem:        N300_E426_W67713 - cost:     90 - runningTime: 0.101 [s]
Problem:        N300_E42_W112553 - cost:    152 - runningTime: 0.255 [s]
Problem:       N300_E439_W114108 - cost:    153 - runningTime: 0.304 [s]
Problem:       N300_E439_W155941 - cost:    213 - runningTime: 0.265 [s]
Problem:        N300_E43_W157321 - cost:    212 - runningTime: 0.224 [s]
Problem:        N300_E443_W67549 - cost:     93 - runningTime: 0.141 [s]
Problem:       N300_E445_W157262 - cost:    211 - runningTime: 0.182 [s]
Problem:       N300_E447_W157644 - cost:    215 - runningTime: 0.291 [s]
Problem:        N300_E44_W113112 - cost:    152 - runningTime: 0.183 [s]
Problem:       N300_E451_W112128 - cost:    150 - runningTime: 0.146 [s]
Problem:        N300_E466_W67544 - cost:     94 - runningTime: 0.142 [s]
Problem:         N300_E46_W67993 - cost:     91 - runningTime: 0.110 [s]
Problem:         N300_E48_W67303 - cost:     90 - runningTime: 0.115 [s]
Problem:        N300_E63_W156665 - cost:    211 - runningTime: 0.255 [s]
Problem:       N500_E107_W187626 - cost:    253 - runningTime: 0.946 [s]
Problem:      N500_E1154_W188267 - cost:    253 - runningTime: 0.396 [s]
Problem:      N500_E1155_W112554 - cost:    154 - runningTime: 0.512 [s]
Problem:      N500_E1160_W262039 - cost:    357 - runningTime: 0.886 [s]
Problem:      N500_E1169_W263485 - cost:    353 - runningTime: 0.658 [s]
Problem:      N500_E1172_W112045 - cost:    151 - runningTime: 0.278 [s]
Problem:      N500_E1175_W111948 - cost:    156 - runningTime: 0.408 [s]
Problem:      N500_E1176_W187733 - cost:    254 - runningTime: 0.675 [s]
Problem:       N500_E118_W187152 - cost:    252 - runningTime: 0.914 [s]
Problem:      N500_E1192_W187394 - cost:    256 - runningTime: 0.608 [s]
Problem:      N500_E1203_W263300 - cost:    351 - runningTime: 0.393 [s]
Problem:       N500_E120_W187056 - cost:    255 - runningTime: 0.906 [s]
Problem:       N500_E121_W262283 - cost:    354 - runningTime: 1.194 [s]
Problem:       N500_E122_W261374 - cost:    352 - runningTime: 1.231 [s]
Problem:       N500_E123_W112510 - cost:    151 - runningTime: 0.564 [s]
Problem:       N500_E127_W113110 - cost:    157 - runningTime: 0.505 [s]
Problem:       N500_E130_W264094 - cost:    357 - runningTime: 1.338 [s]
Problem:       N500_E133_W113189 - cost:    152 - runningTime: 0.439 [s]
Problem:       N500_E594_W112090 - cost:    153 - runningTime: 0.552 [s]
Problem:       N500_E594_W112478 - cost:    155 - runningTime: 0.706 [s]
Problem:       N500_E614_W258557 - cost:    355 - runningTime: 1.555 [s]
Problem:       N500_E621_W186642 - cost:    253 - runningTime: 1.079 [s]
Problem:       N500_E621_W261167 - cost:    355 - runningTime: 1.338 [s]
Problem:       N500_E623_W111165 - cost:    157 - runningTime: 0.719 [s]
Problem:       N500_E626_W261199 - cost:    351 - runningTime: 1.225 [s]
Problem:       N500_E629_W189219 - cost:    259 - runningTime: 1.735 [s]
Problem:       N500_E650_W187605 - cost:    255 - runningTime: 1.311 [s]

BUILD SUCCESSFUL in 31s
4 actionable tasks: 1 executed, 3 up-to-date
> Task :metaheuristic:compileJava UP-TO-DATE
> Task :metaheuristic:processResources NO-SOURCE
> Task :metaheuristic:classes UP-TO-DATE
> Task :metaheuristic:jar UP-TO-DATE
> Task :greedy:compileJava UP-TO-DATE
> Task :greedy:processResources NO-SOURCE
> Task :greedy:classes UP-TO-DATE

> Task :greedy:run
Problem:         N100_E10_W37507 - cost:     48 - runningTime: 0.045 [s]
Problem:         N100_E10_W52564 - cost:     69 - runningTime: 0.019 [s]
Problem:         N100_E13_W22388 - cost:     29 - runningTime: 0.007 [s]
Problem:         N100_E17_W37381 - cost:     50 - runningTime: 0.009 [s]
Problem:         N100_E17_W52142 - cost:     69 - runningTime: 0.008 [s]
Problem:         N100_E19_W22217 - cost:     29 - runningTime: 0.003 [s]
Problem:         N100_E24_W52076 - cost:     69 - runningTime: 0.008 [s]
Problem:         N100_E25_W37882 - cost:     49 - runningTime: 0.005 [s]
Problem:         N100_E25_W53106 - cost:     69 - runningTime: 0.007 [s]
Problem:         N100_E29_W22601 - cost:     30 - runningTime: 0.003 [s]
Problem:         N100_E33_W37858 - cost:     49 - runningTime: 0.004 [s]
Problem:         N100_E34_W22399 - cost:     30 - runningTime: 0.003 [s]
Problem:         N100_E40_W22210 - cost:     29 - runningTime: 0.002 [s]
Problem:         N100_E43_W37647 - cost:     48 - runningTime: 0.004 [s]
Problem:         N100_E45_W22215 - cost:     28 - runningTime: 0.002 [s]
Problem:         N100_E46_W52707 - cost:     69 - runningTime: 0.004 [s]
Problem:         N100_E47_W22524 - cost:     30 - runningTime: 0.003 [s]
Problem:         N100_E49_W53079 - cost:     70 - runningTime: 0.007 [s]
Problem:         N100_E50_W52513 - cost:     70 - runningTime: 0.007 [s]
Problem:         N100_E51_W38089 - cost:     48 - runningTime: 0.003 [s]
Problem:         N100_E57_W37379 - cost:     51 - runningTime: 0.005 [s]
Problem:          N100_E5_W22866 - cost:     30 - runningTime: 0.002 [s]
Problem:          N100_E5_W37781 - cost:     49 - runningTime: 0.003 [s]
Problem:          N100_E5_W52908 - cost:     68 - runningTime: 0.004 [s]
Problem:          N100_E6_W37053 - cost:     50 - runningTime: 0.004 [s]
Problem:          N100_E7_W22507 - cost:     29 - runningTime: 0.003 [s]
Problem:          N100_E7_W52552 - cost:     69 - runningTime: 0.004 [s]
Problem:       N300_E209_W158073 - cost:    213 - runningTime: 0.052 [s]
Problem:        N300_E218_W67693 - cost:     91 - runningTime: 0.017 [s]
Problem:       N300_E221_W156819 - cost:    209 - runningTime: 0.032 [s]
Problem:       N300_E227_W111874 - cost:    149 - runningTime: 0.019 [s]
Problem:       N300_E231_W158231 - cost:    212 - runningTime: 0.028 [s]
Problem:        N300_E232_W67504 - cost:     90 - runningTime: 0.012 [s]
Problem:        N300_E233_W67995 - cost:     92 - runningTime: 0.013 [s]
Problem:       N300_E237_W113226 - cost:    152 - runningTime: 0.034 [s]
Problem:       N300_E253_W112148 - cost:    153 - runningTime: 0.028 [s]
Problem:         N300_E35_W66932 - cost:     89 - runningTime: 0.012 [s]
Problem:        N300_E37_W111737 - cost:    148 - runningTime: 0.018 [s]
Problem:       N300_E393_W112377 - cost:    152 - runningTime: 0.025 [s]
Problem:        N300_E41_W158233 - cost:    211 - runningTime: 0.027 [s]
Problem:        N300_E426_W67713 - cost:     90 - runningTime: 0.007 [s]
Problem:        N300_E42_W112553 - cost:    152 - runningTime: 0.016 [s]
Problem:       N300_E439_W114108 - cost:    153 - runningTime: 0.030 [s]
Problem:       N300_E439_W155941 - cost:    212 - runningTime: 0.033 [s]
Problem:        N300_E43_W157321 - cost:    209 - runningTime: 0.019 [s]
Problem:        N300_E443_W67549 - cost:     92 - runningTime: 0.025 [s]
Problem:       N300_E445_W157262 - cost:    209 - runningTime: 0.021 [s]
Problem:       N300_E447_W157644 - cost:    214 - runningTime: 0.034 [s]
Problem:        N300_E44_W113112 - cost:    149 - runningTime: 0.016 [s]
Problem:       N300_E451_W112128 - cost:    148 - runningTime: 0.016 [s]
Problem:        N300_E466_W67544 - cost:     93 - runningTime: 0.017 [s]
Problem:         N300_E46_W67993 - cost:     89 - runningTime: 0.010 [s]
Problem:         N300_E48_W67303 - cost:     87 - runningTime: 0.010 [s]
Problem:        N300_E63_W156665 - cost:    210 - runningTime: 0.022 [s]
Problem:       N500_E107_W187626 - cost:    253 - runningTime: 0.070 [s]
Problem:      N500_E1154_W188267 - cost:    253 - runningTime: 0.031 [s]
Problem:      N500_E1155_W112554 - cost:    152 - runningTime: 0.027 [s]
Problem:      N500_E1160_W262039 - cost:    355 - runningTime: 0.051 [s]
Problem:      N500_E1169_W263485 - cost:    353 - runningTime: 0.044 [s]
Problem:      N500_E1172_W112045 - cost:    151 - runningTime: 0.021 [s]
Problem:      N500_E1175_W111948 - cost:    155 - runningTime: 0.036 [s]
Problem:      N500_E1176_W187733 - cost:    251 - runningTime: 0.025 [s]
Problem:       N500_E118_W187152 - cost:    251 - runningTime: 0.059 [s]
Problem:      N500_E1192_W187394 - cost:    253 - runningTime: 0.040 [s]
Problem:      N500_E1203_W263300 - cost:    350 - runningTime: 0.023 [s]
Problem:       N500_E120_W187056 - cost:    255 - runningTime: 0.067 [s]
Problem:       N500_E121_W262283 - cost:    352 - runningTime: 0.065 [s]
Problem:       N500_E122_W261374 - cost:    350 - runningTime: 0.097 [s]
Problem:       N500_E123_W112510 - cost:    149 - runningTime: 0.024 [s]
Problem:       N500_E127_W113110 - cost:    152 - runningTime: 0.026 [s]
Problem:       N500_E130_W264094 - cost:    355 - runningTime: 0.061 [s]
Problem:       N500_E133_W113189 - cost:    151 - runningTime: 0.033 [s]
Problem:       N500_E594_W112090 - cost:    151 - runningTime: 0.026 [s]
Problem:       N500_E594_W112478 - cost:    151 - runningTime: 0.024 [s]
Problem:       N500_E614_W258557 - cost:    354 - runningTime: 0.106 [s]
Problem:       N500_E621_W186642 - cost:    251 - runningTime: 0.052 [s]
Problem:       N500_E621_W261167 - cost:    353 - runningTime: 0.103 [s]
Problem:       N500_E623_W111165 - cost:    154 - runningTime: 0.056 [s]
Problem:       N500_E626_W261199 - cost:    350 - runningTime: 0.065 [s]
Problem:       N500_E629_W189219 - cost:    256 - runningTime: 0.138 [s]
Problem:       N500_E650_W187605 - cost:    255 - runningTime: 0.104 [s]

BUILD SUCCESSFUL in 3s
4 actionable tasks: 1 executed, 3 up-to-date
